{"C:\\Users\\imoon\\Desktop\\Node.js_Course_Practice\\__tests__\\controllers\\mockData.ts": {"path":"C:\\Users\\imoon\\Desktop\\Node.js_Course_Practice\\__tests__\\controllers\\mockData.ts","statementMap":{"0":{"start":{"line":1,"column":13},"end":{"line":6,"column":2}},"1":{"start":{"line":8,"column":13},"end":{"line":22,"column":2}},"2":{"start":{"line":24,"column":13},"end":{"line":26,"column":2}},"3":{"start":{"line":28,"column":13},"end":{"line":35,"column":2}}},"fnMap":{},"branchMap":{},"s":{"0":2,"1":2,"2":2,"3":2},"f":{},"b":{}}
,"C:\\Users\\imoon\\Desktop\\Node.js_Course_Practice\\src\\app.ts": {"path":"C:\\Users\\imoon\\Desktop\\Node.js_Course_Practice\\src\\app.ts","statementMap":{"0":{"start":{"line":1,"column":0},"end":{"line":1,"column":30}},"1":{"start":{"line":2,"column":0},"end":{"line":2,"column":32}},"2":{"start":{"line":3,"column":0},"end":{"line":3,"column":37}},"3":{"start":{"line":4,"column":0},"end":{"line":4,"column":23}},"4":{"start":{"line":5,"column":0},"end":{"line":5,"column":43}},"5":{"start":{"line":6,"column":0},"end":{"line":6,"column":41}},"6":{"start":{"line":7,"column":0},"end":{"line":7,"column":47}},"7":{"start":{"line":8,"column":0},"end":{"line":8,"column":47}},"8":{"start":{"line":10,"column":12},"end":{"line":10,"column":21}},"9":{"start":{"line":114,"column":8},"end":{"line":114,"column":11}},"10":{"start":{"line":11,"column":13},"end":{"line":11,"column":37}},"11":{"start":{"line":12,"column":0},"end":{"line":12,"column":27}},"12":{"start":{"line":14,"column":0},"end":{"line":17,"column":null}},"13":{"start":{"line":15,"column":1},"end":{"line":15,"column":64}},"14":{"start":{"line":16,"column":1},"end":{"line":16,"column":17}},"15":{"start":{"line":18,"column":0},"end":{"line":18,"column":44}},"16":{"start":{"line":20,"column":23},"end":{"line":75,"column":2}},"17":{"start":{"line":77,"column":20},"end":{"line":77,"column":48}},"18":{"start":{"line":79,"column":0},"end":{"line":79,"column":68}},"19":{"start":{"line":96,"column":0},"end":{"line":98,"column":3}},"20":{"start":{"line":97,"column":1},"end":{"line":97,"column":42}},"21":{"start":{"line":100,"column":0},"end":{"line":102,"column":3}},"22":{"start":{"line":101,"column":1},"end":{"line":101,"column":26}},"23":{"start":{"line":104,"column":0},"end":{"line":104,"column":32}},"24":{"start":{"line":105,"column":0},"end":{"line":105,"column":32}},"25":{"start":{"line":106,"column":0},"end":{"line":108,"column":3}},"26":{"start":{"line":107,"column":1},"end":{"line":107,"column":40}},"27":{"start":{"line":110,"column":15},"end":{"line":112,"column":2}},"28":{"start":{"line":111,"column":1},"end":{"line":111,"column":46}},"29":{"start":{"line":114,"column":13},"end":{"line":114,"column":19}}},"fnMap":{"0":{"name":"(anonymous_1)","decl":{"start":{"line":96,"column":25},"end":{"line":96,"column":26}},"loc":{"start":{"line":96,"column":38},"end":{"line":98,"column":1}}},"1":{"name":"(anonymous_2)","decl":{"start":{"line":100,"column":13},"end":{"line":100,"column":14}},"loc":{"start":{"line":100,"column":26},"end":{"line":102,"column":1}}},"2":{"name":"(anonymous_3)","decl":{"start":{"line":106,"column":8},"end":{"line":106,"column":18}},"loc":{"start":{"line":106,"column":41},"end":{"line":108,"column":1}}},"3":{"name":"(anonymous_4)","decl":{"start":{"line":110,"column":32},"end":{"line":110,"column":35}},"loc":{"start":{"line":110,"column":37},"end":{"line":112,"column":1}}}},"branchMap":{"0":{"loc":{"start":{"line":11,"column":13},"end":{"line":11,"column":37}},"type":"binary-expr","locations":[{"start":{"line":11,"column":13},"end":{"line":11,"column":29}},{"start":{"line":11,"column":33},"end":{"line":11,"column":37}}]},"1":{"loc":{"start":{"line":14,"column":0},"end":{"line":17,"column":null}},"type":"if","locations":[{"start":{"line":14,"column":0},"end":{"line":17,"column":null}}]}},"s":{"0":3,"1":3,"2":3,"3":3,"4":3,"5":3,"6":3,"7":3,"8":3,"9":3,"10":3,"11":3,"12":3,"13":0,"14":0,"15":3,"16":3,"17":3,"18":3,"19":3,"20":1,"21":3,"22":1,"23":3,"24":3,"25":3,"26":1,"27":3,"28":3,"29":3},"f":{"0":1,"1":1,"2":1,"3":3},"b":{"0":[3,0],"1":[0]}}
,"C:\\Users\\imoon\\Desktop\\Node.js_Course_Practice\\src\\controllers\\genreController.ts": {"path":"C:\\Users\\imoon\\Desktop\\Node.js_Course_Practice\\src\\controllers\\genreController.ts","statementMap":{"0":{"start":{"line":1,"column":0},"end":{"line":1,"column":36}},"1":{"start":{"line":3,"column":0},"end":{"line":3,"column":65}},"2":{"start":{"line":6,"column":27},"end":{"line":18,"column":2}},"3":{"start":{"line":6,"column":65},"end":{"line":18,"column":2}},"4":{"start":{"line":7,"column":1},"end":{"line":17,"column":null}},"5":{"start":{"line":8,"column":20},"end":{"line":8,"column":54}},"6":{"start":{"line":9,"column":2},"end":{"line":11,"column":null}},"7":{"start":{"line":10,"column":3},"end":{"line":10,"column":70}},"8":{"start":{"line":13,"column":19},"end":{"line":13,"column":47}},"9":{"start":{"line":14,"column":2},"end":{"line":14,"column":33}},"10":{"start":{"line":16,"column":2},"end":{"line":16,"column":60}},"11":{"start":{"line":6,"column":13},"end":{"line":6,"column":27}},"12":{"start":{"line":21,"column":25},"end":{"line":28,"column":2}},"13":{"start":{"line":21,"column":64},"end":{"line":28,"column":2}},"14":{"start":{"line":22,"column":1},"end":{"line":27,"column":null}},"15":{"start":{"line":23,"column":17},"end":{"line":23,"column":35}},"16":{"start":{"line":24,"column":2},"end":{"line":24,"column":19}},"17":{"start":{"line":26,"column":2},"end":{"line":26,"column":60}},"18":{"start":{"line":21,"column":13},"end":{"line":21,"column":25}},"19":{"start":{"line":31,"column":27},"end":{"line":50,"column":2}},"20":{"start":{"line":31,"column":65},"end":{"line":50,"column":2}},"21":{"start":{"line":32,"column":1},"end":{"line":49,"column":null}},"22":{"start":{"line":33,"column":20},"end":{"line":33,"column":54}},"23":{"start":{"line":34,"column":2},"end":{"line":36,"column":null}},"24":{"start":{"line":35,"column":3},"end":{"line":35,"column":70}},"25":{"start":{"line":38,"column":23},"end":{"line":41,"column":null}},"26":{"start":{"line":43,"column":2},"end":{"line":45,"column":null}},"27":{"start":{"line":44,"column":3},"end":{"line":44,"column":63}},"28":{"start":{"line":46,"column":2},"end":{"line":46,"column":25}},"29":{"start":{"line":48,"column":2},"end":{"line":48,"column":60}},"30":{"start":{"line":31,"column":13},"end":{"line":31,"column":27}},"31":{"start":{"line":53,"column":27},"end":{"line":63,"column":2}},"32":{"start":{"line":53,"column":65},"end":{"line":63,"column":2}},"33":{"start":{"line":54,"column":1},"end":{"line":62,"column":null}},"34":{"start":{"line":55,"column":23},"end":{"line":55,"column":67}},"35":{"start":{"line":56,"column":2},"end":{"line":58,"column":null}},"36":{"start":{"line":57,"column":3},"end":{"line":57,"column":63}},"37":{"start":{"line":59,"column":2},"end":{"line":59,"column":41}},"38":{"start":{"line":61,"column":2},"end":{"line":61,"column":60}},"39":{"start":{"line":53,"column":13},"end":{"line":53,"column":27}}},"fnMap":{"0":{"name":"(anonymous_8)","decl":{"start":{"line":6,"column":27},"end":{"line":6,"column":34}},"loc":{"start":{"line":6,"column":65},"end":{"line":18,"column":2}}},"1":{"name":"(anonymous_9)","decl":{"start":{"line":6,"column":65},"end":{"line":6,"column":null}},"loc":{"start":{"line":6,"column":65},"end":{"line":18,"column":1}}},"2":{"name":"(anonymous_10)","decl":{"start":{"line":21,"column":25},"end":{"line":21,"column":32}},"loc":{"start":{"line":21,"column":64},"end":{"line":28,"column":2}}},"3":{"name":"(anonymous_11)","decl":{"start":{"line":21,"column":64},"end":{"line":21,"column":null}},"loc":{"start":{"line":21,"column":64},"end":{"line":28,"column":1}}},"4":{"name":"(anonymous_12)","decl":{"start":{"line":31,"column":27},"end":{"line":31,"column":34}},"loc":{"start":{"line":31,"column":65},"end":{"line":50,"column":2}}},"5":{"name":"(anonymous_13)","decl":{"start":{"line":31,"column":65},"end":{"line":31,"column":null}},"loc":{"start":{"line":31,"column":65},"end":{"line":50,"column":1}}},"6":{"name":"(anonymous_14)","decl":{"start":{"line":53,"column":27},"end":{"line":53,"column":34}},"loc":{"start":{"line":53,"column":65},"end":{"line":63,"column":2}}},"7":{"name":"(anonymous_15)","decl":{"start":{"line":53,"column":65},"end":{"line":53,"column":null}},"loc":{"start":{"line":53,"column":65},"end":{"line":63,"column":1}}}},"branchMap":{"0":{"loc":{"start":{"line":9,"column":2},"end":{"line":11,"column":null}},"type":"if","locations":[{"start":{"line":9,"column":2},"end":{"line":11,"column":null}}]},"1":{"loc":{"start":{"line":34,"column":2},"end":{"line":36,"column":null}},"type":"if","locations":[{"start":{"line":34,"column":2},"end":{"line":36,"column":null}}]},"2":{"loc":{"start":{"line":43,"column":2},"end":{"line":45,"column":null}},"type":"if","locations":[{"start":{"line":43,"column":2},"end":{"line":45,"column":null}}]},"3":{"loc":{"start":{"line":56,"column":2},"end":{"line":58,"column":null}},"type":"if","locations":[{"start":{"line":56,"column":2},"end":{"line":58,"column":null}}]}},"s":{"0":3,"1":3,"2":3,"3":4,"4":4,"5":4,"6":4,"7":2,"8":2,"9":1,"10":1,"11":3,"12":3,"13":2,"14":2,"15":2,"16":1,"17":1,"18":3,"19":3,"20":3,"21":3,"22":3,"23":3,"24":1,"25":2,"26":2,"27":1,"28":1,"29":0,"30":3,"31":3,"32":2,"33":2,"34":2,"35":2,"36":1,"37":1,"38":0,"39":3},"f":{"0":4,"1":4,"2":2,"3":2,"4":3,"5":3,"6":2,"7":2},"b":{"0":[2],"1":[1],"2":[1],"3":[1]}}
,"C:\\Users\\imoon\\Desktop\\Node.js_Course_Practice\\src\\controllers\\movieController.ts": {"path":"C:\\Users\\imoon\\Desktop\\Node.js_Course_Practice\\src\\controllers\\movieController.ts","statementMap":{"0":{"start":{"line":1,"column":0},"end":{"line":1,"column":36}},"1":{"start":{"line":3,"column":0},"end":{"line":3,"column":65}},"2":{"start":{"line":6,"column":27},"end":{"line":18,"column":2}},"3":{"start":{"line":6,"column":65},"end":{"line":18,"column":2}},"4":{"start":{"line":7,"column":1},"end":{"line":17,"column":null}},"5":{"start":{"line":8,"column":20},"end":{"line":8,"column":54}},"6":{"start":{"line":9,"column":2},"end":{"line":11,"column":null}},"7":{"start":{"line":10,"column":3},"end":{"line":10,"column":70}},"8":{"start":{"line":13,"column":19},"end":{"line":13,"column":47}},"9":{"start":{"line":14,"column":2},"end":{"line":14,"column":33}},"10":{"start":{"line":16,"column":2},"end":{"line":16,"column":60}},"11":{"start":{"line":6,"column":13},"end":{"line":6,"column":27}},"12":{"start":{"line":21,"column":25},"end":{"line":28,"column":2}},"13":{"start":{"line":21,"column":63},"end":{"line":28,"column":2}},"14":{"start":{"line":22,"column":1},"end":{"line":27,"column":null}},"15":{"start":{"line":23,"column":17},"end":{"line":23,"column":37}},"16":{"start":{"line":24,"column":2},"end":{"line":24,"column":19}},"17":{"start":{"line":26,"column":2},"end":{"line":26,"column":60}},"18":{"start":{"line":21,"column":13},"end":{"line":21,"column":25}},"19":{"start":{"line":31,"column":27},"end":{"line":50,"column":2}},"20":{"start":{"line":31,"column":65},"end":{"line":50,"column":2}},"21":{"start":{"line":32,"column":1},"end":{"line":49,"column":null}},"22":{"start":{"line":33,"column":20},"end":{"line":33,"column":54}},"23":{"start":{"line":34,"column":2},"end":{"line":36,"column":null}},"24":{"start":{"line":35,"column":3},"end":{"line":35,"column":70}},"25":{"start":{"line":38,"column":23},"end":{"line":41,"column":null}},"26":{"start":{"line":43,"column":2},"end":{"line":45,"column":null}},"27":{"start":{"line":44,"column":3},"end":{"line":44,"column":63}},"28":{"start":{"line":46,"column":2},"end":{"line":46,"column":25}},"29":{"start":{"line":48,"column":2},"end":{"line":48,"column":60}},"30":{"start":{"line":31,"column":13},"end":{"line":31,"column":27}},"31":{"start":{"line":53,"column":27},"end":{"line":63,"column":2}},"32":{"start":{"line":53,"column":65},"end":{"line":63,"column":2}},"33":{"start":{"line":54,"column":1},"end":{"line":62,"column":null}},"34":{"start":{"line":55,"column":23},"end":{"line":55,"column":67}},"35":{"start":{"line":56,"column":2},"end":{"line":58,"column":null}},"36":{"start":{"line":57,"column":3},"end":{"line":57,"column":63}},"37":{"start":{"line":59,"column":2},"end":{"line":59,"column":41}},"38":{"start":{"line":61,"column":2},"end":{"line":61,"column":60}},"39":{"start":{"line":53,"column":13},"end":{"line":53,"column":27}},"40":{"start":{"line":66,"column":32},"end":{"line":83,"column":2}},"41":{"start":{"line":66,"column":70},"end":{"line":83,"column":2}},"42":{"start":{"line":67,"column":1},"end":{"line":82,"column":null}},"43":{"start":{"line":68,"column":24},"end":{"line":68,"column":34}},"44":{"start":{"line":69,"column":17},"end":{"line":71,"column":4}},"45":{"start":{"line":73,"column":2},"end":{"line":77,"column":null}},"46":{"start":{"line":74,"column":3},"end":{"line":76,"column":62}},"47":{"start":{"line":79,"column":2},"end":{"line":79,"column":19}},"48":{"start":{"line":81,"column":2},"end":{"line":81,"column":60}},"49":{"start":{"line":66,"column":13},"end":{"line":66,"column":32}}},"fnMap":{"0":{"name":"(anonymous_8)","decl":{"start":{"line":6,"column":27},"end":{"line":6,"column":34}},"loc":{"start":{"line":6,"column":65},"end":{"line":18,"column":2}}},"1":{"name":"(anonymous_9)","decl":{"start":{"line":6,"column":65},"end":{"line":6,"column":null}},"loc":{"start":{"line":6,"column":65},"end":{"line":18,"column":1}}},"2":{"name":"(anonymous_10)","decl":{"start":{"line":21,"column":25},"end":{"line":21,"column":32}},"loc":{"start":{"line":21,"column":63},"end":{"line":28,"column":2}}},"3":{"name":"(anonymous_11)","decl":{"start":{"line":21,"column":63},"end":{"line":21,"column":null}},"loc":{"start":{"line":21,"column":63},"end":{"line":28,"column":1}}},"4":{"name":"(anonymous_12)","decl":{"start":{"line":31,"column":27},"end":{"line":31,"column":34}},"loc":{"start":{"line":31,"column":65},"end":{"line":50,"column":2}}},"5":{"name":"(anonymous_13)","decl":{"start":{"line":31,"column":65},"end":{"line":31,"column":null}},"loc":{"start":{"line":31,"column":65},"end":{"line":50,"column":1}}},"6":{"name":"(anonymous_14)","decl":{"start":{"line":53,"column":27},"end":{"line":53,"column":34}},"loc":{"start":{"line":53,"column":65},"end":{"line":63,"column":2}}},"7":{"name":"(anonymous_15)","decl":{"start":{"line":53,"column":65},"end":{"line":53,"column":null}},"loc":{"start":{"line":53,"column":65},"end":{"line":63,"column":1}}},"8":{"name":"(anonymous_16)","decl":{"start":{"line":66,"column":32},"end":{"line":66,"column":39}},"loc":{"start":{"line":66,"column":70},"end":{"line":83,"column":2}}},"9":{"name":"(anonymous_17)","decl":{"start":{"line":66,"column":70},"end":{"line":66,"column":null}},"loc":{"start":{"line":66,"column":70},"end":{"line":83,"column":1}}}},"branchMap":{"0":{"loc":{"start":{"line":9,"column":2},"end":{"line":11,"column":null}},"type":"if","locations":[{"start":{"line":9,"column":2},"end":{"line":11,"column":null}}]},"1":{"loc":{"start":{"line":34,"column":2},"end":{"line":36,"column":null}},"type":"if","locations":[{"start":{"line":34,"column":2},"end":{"line":36,"column":null}}]},"2":{"loc":{"start":{"line":43,"column":2},"end":{"line":45,"column":null}},"type":"if","locations":[{"start":{"line":43,"column":2},"end":{"line":45,"column":null}}]},"3":{"loc":{"start":{"line":56,"column":2},"end":{"line":58,"column":null}},"type":"if","locations":[{"start":{"line":56,"column":2},"end":{"line":58,"column":null}}]},"4":{"loc":{"start":{"line":73,"column":2},"end":{"line":77,"column":null}},"type":"if","locations":[{"start":{"line":73,"column":2},"end":{"line":77,"column":null}}]}},"s":{"0":3,"1":3,"2":3,"3":2,"4":2,"5":2,"6":2,"7":1,"8":1,"9":1,"10":0,"11":3,"12":3,"13":2,"14":2,"15":2,"16":1,"17":1,"18":3,"19":3,"20":3,"21":3,"22":3,"23":3,"24":1,"25":2,"26":2,"27":1,"28":1,"29":0,"30":3,"31":3,"32":2,"33":2,"34":2,"35":2,"36":1,"37":1,"38":0,"39":3,"40":3,"41":2,"42":2,"43":2,"44":2,"45":2,"46":1,"47":1,"48":0,"49":3},"f":{"0":2,"1":2,"2":2,"3":2,"4":3,"5":3,"6":2,"7":2,"8":2,"9":2},"b":{"0":[1],"1":[1],"2":[1],"3":[1],"4":[1]}}
,"C:\\Users\\imoon\\Desktop\\Node.js_Course_Practice\\src\\models\\genre.ts": {"path":"C:\\Users\\imoon\\Desktop\\Node.js_Course_Practice\\src\\models\\genre.ts","statementMap":{"0":{"start":{"line":1,"column":0},"end":{"line":1,"column":32}},"1":{"start":{"line":3,"column":20},"end":{"line":5,"column":2}},"2":{"start":{"line":7,"column":14},"end":{"line":7,"column":50}},"3":{"start":{"line":9,"column":0},"end":{"line":9,"column":21}}},"fnMap":{},"branchMap":{},"s":{"0":3,"1":3,"2":3,"3":3},"f":{},"b":{}}
,"C:\\Users\\imoon\\Desktop\\Node.js_Course_Practice\\src\\models\\movie.ts": {"path":"C:\\Users\\imoon\\Desktop\\Node.js_Course_Practice\\src\\models\\movie.ts","statementMap":{"0":{"start":{"line":1,"column":0},"end":{"line":1,"column":32}},"1":{"start":{"line":3,"column":20},"end":{"line":8,"column":2}},"2":{"start":{"line":10,"column":14},"end":{"line":10,"column":50}},"3":{"start":{"line":12,"column":0},"end":{"line":12,"column":21}}},"fnMap":{},"branchMap":{},"s":{"0":3,"1":3,"2":3,"3":3},"f":{},"b":{}}
,"C:\\Users\\imoon\\Desktop\\Node.js_Course_Practice\\src\\routes\\genreRoutes.ts": {"path":"C:\\Users\\imoon\\Desktop\\Node.js_Course_Practice\\src\\routes\\genreRoutes.ts","statementMap":{"0":{"start":{"line":1,"column":0},"end":{"line":1,"column":30}},"1":{"start":{"line":2,"column":0},"end":{"line":2,"column":null}},"2":{"start":{"line":9,"column":15},"end":{"line":9,"column":31}},"3":{"start":{"line":85,"column":0},"end":{"line":85,"column":30}},"4":{"start":{"line":86,"column":0},"end":{"line":86,"column":27}},"5":{"start":{"line":87,"column":0},"end":{"line":87,"column":32}},"6":{"start":{"line":88,"column":0},"end":{"line":88,"column":35}},"7":{"start":{"line":90,"column":0},"end":{"line":90,"column":22}}},"fnMap":{},"branchMap":{},"s":{"0":3,"1":3,"2":3,"3":3,"4":3,"5":3,"6":3,"7":3},"f":{},"b":{}}
,"C:\\Users\\imoon\\Desktop\\Node.js_Course_Practice\\src\\routes\\movieRoutes.ts": {"path":"C:\\Users\\imoon\\Desktop\\Node.js_Course_Practice\\src\\routes\\movieRoutes.ts","statementMap":{"0":{"start":{"line":1,"column":0},"end":{"line":1,"column":30}},"1":{"start":{"line":2,"column":0},"end":{"line":2,"column":null}},"2":{"start":{"line":10,"column":15},"end":{"line":10,"column":31}},"3":{"start":{"line":133,"column":0},"end":{"line":133,"column":30}},"4":{"start":{"line":134,"column":0},"end":{"line":134,"column":27}},"5":{"start":{"line":135,"column":0},"end":{"line":135,"column":32}},"6":{"start":{"line":136,"column":0},"end":{"line":136,"column":35}},"7":{"start":{"line":137,"column":0},"end":{"line":137,"column":50}},"8":{"start":{"line":139,"column":0},"end":{"line":139,"column":22}}},"fnMap":{},"branchMap":{},"s":{"0":3,"1":3,"2":3,"3":3,"4":3,"5":3,"6":3,"7":3,"8":3},"f":{},"b":{}}
,"C:\\Users\\imoon\\Desktop\\Node.js_Course_Practice\\src\\validations\\genreValidation.ts": {"path":"C:\\Users\\imoon\\Desktop\\Node.js_Course_Practice\\src\\validations\\genreValidation.ts","statementMap":{"0":{"start":{"line":1,"column":0},"end":{"line":1,"column":22}},"1":{"start":{"line":3,"column":13},"end":{"line":5,"column":3}}},"fnMap":{},"branchMap":{},"s":{"0":3,"1":3},"f":{},"b":{}}
,"C:\\Users\\imoon\\Desktop\\Node.js_Course_Practice\\src\\validations\\movieValidation.ts": {"path":"C:\\Users\\imoon\\Desktop\\Node.js_Course_Practice\\src\\validations\\movieValidation.ts","statementMap":{"0":{"start":{"line":1,"column":0},"end":{"line":1,"column":22}},"1":{"start":{"line":3,"column":13},"end":{"line":8,"column":3}}},"fnMap":{},"branchMap":{},"s":{"0":3,"1":3},"f":{},"b":{}}
}
