TN:
SF:__tests__\controllers\mockData.ts
FNF:0
FNH:0
DA:1,2
DA:8,2
DA:24,2
DA:28,2
LF:4
LH:4
BRF:0
BRH:0
end_of_record
TN:
SF:src\app.ts
FN:96,(anonymous_1)
FN:100,(anonymous_2)
FN:106,(anonymous_3)
FN:110,(anonymous_4)
FNF:4
FNH:4
FNDA:1,(anonymous_1)
FNDA:1,(anonymous_2)
FNDA:1,(anonymous_3)
FNDA:3,(anonymous_4)
DA:1,3
DA:2,3
DA:3,3
DA:4,3
DA:5,3
DA:6,3
DA:7,3
DA:8,3
DA:10,3
DA:11,3
DA:12,3
DA:14,3
DA:15,0
DA:16,0
DA:18,3
DA:20,3
DA:77,3
DA:79,3
DA:96,3
DA:97,1
DA:100,3
DA:101,1
DA:104,3
DA:105,3
DA:106,3
DA:107,1
DA:110,3
DA:111,3
DA:114,3
LF:29
LH:27
BRDA:11,0,0,3
BRDA:11,0,1,0
BRDA:14,1,0,0
BRF:3
BRH:1
end_of_record
TN:
SF:src\controllers\genreController.ts
FN:6,(anonymous_8)
FN:6,(anonymous_9)
FN:21,(anonymous_10)
FN:21,(anonymous_11)
FN:31,(anonymous_12)
FN:31,(anonymous_13)
FN:53,(anonymous_14)
FN:53,(anonymous_15)
FNF:8
FNH:8
FNDA:4,(anonymous_8)
FNDA:4,(anonymous_9)
FNDA:2,(anonymous_10)
FNDA:2,(anonymous_11)
FNDA:3,(anonymous_12)
FNDA:3,(anonymous_13)
FNDA:2,(anonymous_14)
FNDA:2,(anonymous_15)
DA:1,3
DA:3,3
DA:6,4
DA:7,4
DA:8,4
DA:9,4
DA:10,2
DA:13,2
DA:14,1
DA:16,1
DA:21,3
DA:22,2
DA:23,2
DA:24,1
DA:26,1
DA:31,3
DA:32,3
DA:33,3
DA:34,3
DA:35,1
DA:38,2
DA:43,2
DA:44,1
DA:46,1
DA:48,0
DA:53,3
DA:54,2
DA:55,2
DA:56,2
DA:57,1
DA:59,1
DA:61,0
LF:32
LH:30
BRDA:9,0,0,2
BRDA:34,1,0,1
BRDA:43,2,0,1
BRDA:56,3,0,1
BRF:4
BRH:4
end_of_record
TN:
SF:src\controllers\movieController.ts
FN:6,(anonymous_8)
FN:6,(anonymous_9)
FN:21,(anonymous_10)
FN:21,(anonymous_11)
FN:31,(anonymous_12)
FN:31,(anonymous_13)
FN:53,(anonymous_14)
FN:53,(anonymous_15)
FN:66,(anonymous_16)
FN:66,(anonymous_17)
FNF:10
FNH:10
FNDA:2,(anonymous_8)
FNDA:2,(anonymous_9)
FNDA:2,(anonymous_10)
FNDA:2,(anonymous_11)
FNDA:3,(anonymous_12)
FNDA:3,(anonymous_13)
FNDA:2,(anonymous_14)
FNDA:2,(anonymous_15)
FNDA:2,(anonymous_16)
FNDA:2,(anonymous_17)
DA:1,3
DA:3,3
DA:6,3
DA:7,2
DA:8,2
DA:9,2
DA:10,1
DA:13,1
DA:14,1
DA:16,0
DA:21,3
DA:22,2
DA:23,2
DA:24,1
DA:26,1
DA:31,3
DA:32,3
DA:33,3
DA:34,3
DA:35,1
DA:38,2
DA:43,2
DA:44,1
DA:46,1
DA:48,0
DA:53,3
DA:54,2
DA:55,2
DA:56,2
DA:57,1
DA:59,1
DA:61,0
DA:66,3
DA:67,2
DA:68,2
DA:69,2
DA:73,2
DA:74,1
DA:79,1
DA:81,0
LF:40
LH:36
BRDA:9,0,0,1
BRDA:34,1,0,1
BRDA:43,2,0,1
BRDA:56,3,0,1
BRDA:73,4,0,1
BRF:5
BRH:5
end_of_record
TN:
SF:src\models\genre.ts
FNF:0
FNH:0
DA:1,3
DA:3,3
DA:7,3
DA:9,3
LF:4
LH:4
BRF:0
BRH:0
end_of_record
TN:
SF:src\models\movie.ts
FNF:0
FNH:0
DA:1,3
DA:3,3
DA:10,3
DA:12,3
LF:4
LH:4
BRF:0
BRH:0
end_of_record
TN:
SF:src\routes\genreRoutes.ts
FNF:0
FNH:0
DA:1,3
DA:2,3
DA:9,3
DA:85,3
DA:86,3
DA:87,3
DA:88,3
DA:90,3
LF:8
LH:8
BRF:0
BRH:0
end_of_record
TN:
SF:src\routes\movieRoutes.ts
FNF:0
FNH:0
DA:1,3
DA:2,3
DA:10,3
DA:133,3
DA:134,3
DA:135,3
DA:136,3
DA:137,3
DA:139,3
LF:9
LH:9
BRF:0
BRH:0
end_of_record
TN:
SF:src\validations\genreValidation.ts
FNF:0
FNH:0
DA:1,3
DA:3,3
LF:2
LH:2
BRF:0
BRH:0
end_of_record
TN:
SF:src\validations\movieValidation.ts
FNF:0
FNH:0
DA:1,3
DA:3,3
LF:2
LH:2
BRF:0
BRH:0
end_of_record
